<?xml version="1.0" encoding="UTF-8"?>
<!-- Generated by org.testng.reporters.JUnitReportReporter -->
<testsuite skipped="0" hostname="BDC6-DX-69S6NK2" name="Day2.wediver_demo_webshop" tests="1" failures="0" timestamp="18 Sep 2019 05:02:56 GMT" time="17.591" errors="0">
  <testcase name="f" time="17.591" classname="Day2.wediver_demo_webshop"/>
</testsuite> <!-- Day2.wediver_demo_webshop -->
