<?xml version="1.0" encoding="UTF-8"?>
<!-- Generated by org.testng.reporters.JUnitReportReporter -->
<testsuite skipped="0" hostname="BDC6-DX-69S6NK2" name="Day1.testng_demo" tests="4" failures="0" timestamp="17 Sep 2019 10:08:04 GMT" time="0.005" errors="0">
  <testcase name="login" time="0.001" classname="Day1.testng_demo"/>
  <testcase name="register" time="0.001" classname="Day1.testng_demo"/>
  <testcase name="homepage" time="0.001" classname="Day1.testng_demo"/>
  <testcase name="logout" time="0.002" classname="Day1.testng_demo"/>
</testsuite> <!-- Day1.testng_demo -->
