<?xml version="1.0" encoding="UTF-8"?>
<!-- Generated by org.testng.reporters.JUnitReportReporter -->
<testsuite skipped="0" hostname="BDC6-DX-69S6NK2" name="Day2.webdriver_demo2" tests="1" failures="0" timestamp="18 Sep 2019 04:29:19 GMT" time="10.389" errors="0">
  <testcase name="f" time="10.389" classname="Day2.webdriver_demo2"/>
</testsuite> <!-- Day2.webdriver_demo2 -->
