<?xml version="1.0" encoding="UTF-8"?>
<!-- Generated by org.testng.reporters.JUnitReportReporter -->
<testsuite skipped="0" hostname="BDC6-DX-69S6NK2" name="Day1.testng_demo2" tests="2" failures="0" timestamp="23 Sep 2019 03:06:47 GMT" time="0.015" errors="0">
  <testcase name="f1" time="0.003" classname="Day1.testng_demo2"/>
  <testcase name="f" time="0.012" classname="Day1.testng_demo2"/>
</testsuite> <!-- Day1.testng_demo2 -->
