<?xml version="1.0" encoding="UTF-8"?>
<!-- Generated by org.testng.reporters.JUnitReportReporter -->
<testsuite skipped="0" hostname="BDC6-DX-69S6NK2" name="Day1.webdriver_demo" tests="1" failures="0" timestamp="18 Sep 2019 03:37:34 GMT" time="36.268" errors="0">
  <testcase name="browserlaunch" time="36.268" classname="Day1.webdriver_demo"/>
</testsuite> <!-- Day1.webdriver_demo -->
