<?xml version="1.0" encoding="UTF-8"?>
<!-- Generated by org.testng.reporters.JUnitReportReporter -->
<testsuite skipped="0" hostname="BDC6-DX-69S6NK2" name="Day2.popup_demo" tests="1" failures="0" timestamp="18 Sep 2019 09:21:46 GMT" time="12.664" errors="0">
  <testcase name="f" time="12.664" classname="Day2.popup_demo"/>
</testsuite> <!-- Day2.popup_demo -->
