<?xml version="1.0" encoding="UTF-8"?>
<!-- Generated by org.testng.reporters.JUnitReportReporter -->
<testsuite skipped="0" hostname="BDC6-DX-69S6NK2" name="Day2.draganddrop_actions" tests="1" failures="0" timestamp="18 Sep 2019 11:21:45 GMT" time="26.191" errors="0">
  <testcase name="f" time="26.191" classname="Day2.draganddrop_actions"/>
</testsuite> <!-- Day2.draganddrop_actions -->
