<?xml version="1.0" encoding="UTF-8"?>
<!-- Generated by org.testng.reporters.JUnitReportReporter -->
<testsuite skipped="0" hostname="BDC6-DX-69S6NK2" name="Day2.keystrokes_actions" tests="1" failures="0" timestamp="18 Sep 2019 10:43:03 GMT" time="27.868" errors="0">
  <testcase name="f" time="27.868" classname="Day2.keystrokes_actions"/>
</testsuite> <!-- Day2.keystrokes_actions -->
