<?xml version="1.0" encoding="UTF-8"?>
<!-- Generated by org.testng.reporters.JUnitReportReporter -->
<testsuite skipped="0" hostname="BDC6-DX-69S6NK2" name="Day2.windows_handling_demo" tests="1" failures="0" timestamp="18 Sep 2019 09:42:34 GMT" time="30.694" errors="0">
  <testcase name="f" time="30.694" classname="Day2.windows_handling_demo"/>
</testsuite> <!-- Day2.windows_handling_demo -->
